<?xml version="1.0" encoding="UTF-8"?>
<!-- Generated by org.testng.reporters.JUnitXMLReporter -->
<testsuite ignored="0" hostname="Vicky" failures="0" tests="44" name="Default test" time="1901.664" errors="0" timestamp="2024-02-29T15:52:49 IST">
  <testcase classname="sprint_2_Negative.Sprint_2_Negative_Demo_FMS" name="azq_actionInfoSchemeFeatureClearingAllDataClickOnUpdateBtnPassErrorTest" time="73.403"/>
  <testcase classname="sprint_2_Negative.Sprint_2_Negative_Demo_FMS" name="aa_loginByGivingInvalidEmailErrorTest" time="10.469"/>
  <testcase classname="sprint_2_Negative.Sprint_2_Negative_Demo_FMS" name="ab_loginByGivingInvalidPasswordErrorTest" time="9.976"/>
  <testcase classname="sprint_2_Negative.Sprint_2_Negative_Demo_FMS" name="ac_loginToFmsApplicationPassTest" time="10.934"/>
  <testcase classname="sprint_2_Negative.Sprint_2_Negative_Demo_FMS" name="ad_clickOnEcommerceSchemesPageShouldOpenErrorTest" time="18.016"/>
  <testcase classname="sprint_2_Negative.Sprint_2_Negative_Demo_FMS" name="ae_clickOnUserLinkSchemesPageShouldOpenErrorTest" time="20.736"/>
  <testcase classname="sprint_2_Negative.Sprint_2_Negative_Demo_FMS" name="af_schemeClickOnAddSchemesAndAddSchemesPageShouldNotOpenErrorTest" time="23.953"/>
  <testcase classname="sprint_2_Negative.Sprint_2_Negative_Demo_FMS" name="ag_schemeCreatingWithoutGivingCountryDrpDwnErrorTest" time="34.033"/>
  <testcase classname="sprint_2_Negative.Sprint_2_Negative_Demo_FMS" name="ah_schemeCreatingWithoutGivingCalculationDrpDwnErrorTest" time="34.584"/>
  <testcase classname="sprint_2_Negative.Sprint_2_Negative_Demo_FMS" name="ai_schemeCreatingWithoutGivingSchemeDescriptionErrorTest" time="33.021"/>
  <testcase classname="sprint_2_Negative.Sprint_2_Negative_Demo_FMS" name="aj_schemeCreatingByGivingAllSchemeDetailsPassTest" time="37.09"/>
  <testcase classname="sprint_2_Negative.Sprint_2_Negative_Demo_FMS" name="ak_addingTenureListDetailsWithoutGivingAnyDetailsErrorTest" time="41.604"/>
  <testcase classname="sprint_2_Negative.Sprint_2_Negative_Demo_FMS" name="al_addingTenureListDetailsByGivingAllDetailsPassTest" time="56.002"/>
  <testcase classname="sprint_2_Negative.Sprint_2_Negative_Demo_FMS" name="am_addingTenureAmountDetailsWithoutGivingAnyDetailsErrorTest" time="51.712"/>
  <testcase classname="sprint_2_Negative.Sprint_2_Negative_Demo_FMS" name="an_addingTenureAmountDetailsByGivingAllPositiveDetailsPassTest" time="62.294"/>
  <testcase classname="sprint_2_Negative.Sprint_2_Negative_Demo_FMS" name="ao_actionInfoSchemeContentAddingByGivingValidDataPassTest" time="76.09"/>
  <testcase classname="sprint_2_Negative.Sprint_2_Negative_Demo_FMS" name="ap_actionInfoSchemeContentAddingWithoutGivingDataErrorTest" time="58.677"/>
  <testcase classname="sprint_2_Negative.Sprint_2_Negative_Demo_FMS" name="aq_actionInfoSchemeTermsAndConditionsAddingWithoutGivingDataErrorTest" time="74.063"/>
  <testcase classname="sprint_2_Negative.Sprint_2_Negative_Demo_FMS" name="ar_actionInfoSchemeTermsAndConditionsAddingByGivingValidDataPassTest" time="70.807"/>
  <testcase classname="sprint_2_Negative.Sprint_2_Negative_Demo_FMS" name="as_actionInfoSchemeFeatureAddingByGivingValidDataPassTest" time="76.439"/>
  <testcase classname="sprint_2_Negative.Sprint_2_Negative_Demo_FMS" name="at_actionInfoSchemeFeatureAddingWithoutGivingDataPageStaticErrorTest" time="72.537"/>
  <testcase classname="sprint_2_Negative.Sprint_2_Negative_Demo_FMS" name="au_actionInfoSchemeFaqAddingByGivingValidDataPassTest" time="89.449"/>
  <testcase classname="sprint_2_Negative.Sprint_2_Negative_Demo_FMS" name="av_actionInfoSchemeFaqAddingWithoutGivingDataPageStaticErrorTest" time="104.11"/>
  <testcase classname="sprint_2_Negative.Sprint_2_Negative_Demo_FMS" name="aw_schemeCreatingWithoutGivingSchemeNameErrorTest" time="36.551"/>
  <testcase classname="sprint_2_Negative.Sprint_2_Negative_Demo_FMS" name="ax_loginWithoutGivingEmailAndPasswordErrorTest" time="10.87"/>
  <testcase classname="sprint_2_Negative.Sprint_2_Negative_Demo_FMS" name="ay_loginWithoutGivingEmailErrorTest" time="11.437"/>
  <testcase classname="sprint_2_Negative.Sprint_2_Negative_Demo_FMS" name="az_loginWithoutGivingPasswordErrorTest" time="10.268"/>
  <testcase classname="sprint_2_Negative.Sprint_2_Negative_Demo_FMS" name="aza_loginByGivingEmailAsPwdAndPasswordAsEmailErrorTest" time="11.183"/>
  <testcase classname="sprint_2_Negative.Sprint_2_Negative_Demo_FMS" name="azb_schemeBootstrapBtnDisablingAndCheckingSchemeIsEnabledInUserPannelErrorTest" time="51.758"/>
  <testcase classname="sprint_2_Negative.Sprint_2_Negative_Demo_FMS" name="azc_schemeBootstrapBtnEnablingAndCheckingSchemeIsDisabledInUserPannelErrorTest" time="54.41"/>
  <testcase classname="sprint_2_Negative.Sprint_2_Negative_Demo_FMS" name="azd_clickOnDashboardSchemePageShouldBeDisplayedErrorTest" time="24.41"/>
  <testcase classname="sprint_2_Negative.Sprint_2_Negative_Demo_FMS" name="aze_creatingSchemeWithoutGivingDataErrorTest" time="26.243"/>
  <testcase classname="sprint_2_Negative.Sprint_2_Negative_Demo_FMS" name="azf_clickingOnPayNowBtnWithOutSelectingPaymentModeTest" time="56.024"/>
  <testcase classname="sprint_2_Negative.Sprint_2_Negative_Demo_FMS" name="azg_clickingOnUPIorQRAndClickOnUpiIdOrMobileNumberCheckBoxErrorTest" time="32.724"/>
  <testcase classname="sprint_2_Negative.Sprint_2_Negative_Demo_FMS" name="azh_whileSubscribingSchemeClickOnTheFailureButtonInTheRazorPayPagePaymentShouldPassErrorTest" time="33.959"/>
  <testcase classname="sprint_2_Negative.Sprint_2_Negative_Demo_FMS" name="azi_whileSubscribingSchemeClickOnTheSuccessButtonInTheRazorPayPagePaymentShouldFailErrorTest" time="34.355"/>
  <testcase classname="sprint_2_Negative.Sprint_2_Negative_Demo_FMS" name="azj_loginWithoutByGiving10AlphabetsInMobileNumberTextFieldErrorTest" time="9.762"/>
  <testcase classname="sprint_2_Negative.Sprint_2_Negative_Demo_FMS" name="azk_loginWithoutByGivingMoreThan10NumbersInMobileNumberInTextFieldErrorTest" time="9.569"/>
  <testcase classname="sprint_2_Negative.Sprint_2_Negative_Demo_FMS" name="azl_loginWithoutByGivingLessThan10NumbersInMobileNumberTextFieldErrorTest" time="10.082"/>
  <testcase classname="sprint_2_Negative.Sprint_2_Negative_Demo_FMS" name="azm_whileSubscribingSchemeClickOnTheStartSubscriptionButtonWithoutGivingAnyDetailsStaticErrorTest" time="30.151"/>
  <testcase classname="sprint_2_Negative.Sprint_2_Negative_Demo_FMS" name="azn_actionInfoSchemeContentAddingByGivingValidDataAndClearingContentDataPassErrorTest" time="77.23"/>
  <testcase classname="sprint_2_Negative.Sprint_2_Negative_Demo_FMS" name="azo_actionInfoSchemeTermsAndConditionsAddingByGivingValidDataAndClearingPassErrorTest" time="78.539"/>
  <testcase classname="sprint_2_Negative.Sprint_2_Negative_Demo_FMS" name="azp_schemeCreatingByClearingAllSchemeDetailsPassErrorTest" time="48.935"/>
  <testcase classname="sprint_2_Negative.Sprint_2_Negative_Demo_FMS" name="azr_actionInfoSchemeFaqAddingByGivingValidDataAndRemovingWhileEditingPassErrorTest" time="103.022"/>
</testsuite> <!-- Default test -->
