<?xml version="1.0" encoding="UTF-8"?>
<testng-results ignored="0" total="44" passed="44" failed="0" skipped="0">
  <reporter-output>
  </reporter-output>
  <suite started-at="2024-02-29T15:21:08 IST" name="Default suite" finished-at="2024-02-29T15:52:49 IST" duration-ms="1901664">
    <groups>
      <group name="sprint-2">
        <method signature="Sprint_2_Negative_Demo_FMS.azq_actionInfoSchemeFeatureClearingAllDataClickOnUpdateBtnPassErrorTest()[pri:0, instance:sprint_2_Negative.Sprint_2_Negative_Demo_FMS@7b98f307]" name="azq_actionInfoSchemeFeatureClearingAllDataClickOnUpdateBtnPassErrorTest" class="sprint_2_Negative.Sprint_2_Negative_Demo_FMS"/>
        <method signature="Sprint_2_Negative_Demo_FMS.aa_loginByGivingInvalidEmailErrorTest()[pri:1, instance:sprint_2_Negative.Sprint_2_Negative_Demo_FMS@7b98f307]" name="aa_loginByGivingInvalidEmailErrorTest" class="sprint_2_Negative.Sprint_2_Negative_Demo_FMS"/>
        <method signature="Sprint_2_Negative_Demo_FMS.ab_loginByGivingInvalidPasswordErrorTest()[pri:2, instance:sprint_2_Negative.Sprint_2_Negative_Demo_FMS@7b98f307]" name="ab_loginByGivingInvalidPasswordErrorTest" class="sprint_2_Negative.Sprint_2_Negative_Demo_FMS"/>
        <method signature="Sprint_2_Negative_Demo_FMS.ac_loginToFmsApplicationPassTest()[pri:3, instance:sprint_2_Negative.Sprint_2_Negative_Demo_FMS@7b98f307]" name="ac_loginToFmsApplicationPassTest" class="sprint_2_Negative.Sprint_2_Negative_Demo_FMS"/>
        <method signature="Sprint_2_Negative_Demo_FMS.ad_clickOnEcommerceSchemesPageShouldOpenErrorTest()[pri:4, instance:sprint_2_Negative.Sprint_2_Negative_Demo_FMS@7b98f307]" name="ad_clickOnEcommerceSchemesPageShouldOpenErrorTest" class="sprint_2_Negative.Sprint_2_Negative_Demo_FMS"/>
        <method signature="Sprint_2_Negative_Demo_FMS.ae_clickOnUserLinkSchemesPageShouldOpenErrorTest()[pri:5, instance:sprint_2_Negative.Sprint_2_Negative_Demo_FMS@7b98f307]" name="ae_clickOnUserLinkSchemesPageShouldOpenErrorTest" class="sprint_2_Negative.Sprint_2_Negative_Demo_FMS"/>
        <method signature="Sprint_2_Negative_Demo_FMS.af_schemeClickOnAddSchemesAndAddSchemesPageShouldNotOpenErrorTest()[pri:6, instance:sprint_2_Negative.Sprint_2_Negative_Demo_FMS@7b98f307]" name="af_schemeClickOnAddSchemesAndAddSchemesPageShouldNotOpenErrorTest" class="sprint_2_Negative.Sprint_2_Negative_Demo_FMS"/>
        <method signature="Sprint_2_Negative_Demo_FMS.ag_schemeCreatingWithoutGivingCountryDrpDwnErrorTest()[pri:7, instance:sprint_2_Negative.Sprint_2_Negative_Demo_FMS@7b98f307]" name="ag_schemeCreatingWithoutGivingCountryDrpDwnErrorTest" class="sprint_2_Negative.Sprint_2_Negative_Demo_FMS"/>
        <method signature="Sprint_2_Negative_Demo_FMS.ah_schemeCreatingWithoutGivingCalculationDrpDwnErrorTest()[pri:8, instance:sprint_2_Negative.Sprint_2_Negative_Demo_FMS@7b98f307]" name="ah_schemeCreatingWithoutGivingCalculationDrpDwnErrorTest" class="sprint_2_Negative.Sprint_2_Negative_Demo_FMS"/>
        <method signature="Sprint_2_Negative_Demo_FMS.ai_schemeCreatingWithoutGivingSchemeDescriptionErrorTest()[pri:9, instance:sprint_2_Negative.Sprint_2_Negative_Demo_FMS@7b98f307]" name="ai_schemeCreatingWithoutGivingSchemeDescriptionErrorTest" class="sprint_2_Negative.Sprint_2_Negative_Demo_FMS"/>
        <method signature="Sprint_2_Negative_Demo_FMS.aj_schemeCreatingByGivingAllSchemeDetailsPassTest()[pri:10, instance:sprint_2_Negative.Sprint_2_Negative_Demo_FMS@7b98f307]" name="aj_schemeCreatingByGivingAllSchemeDetailsPassTest" class="sprint_2_Negative.Sprint_2_Negative_Demo_FMS"/>
        <method signature="Sprint_2_Negative_Demo_FMS.ak_addingTenureListDetailsWithoutGivingAnyDetailsErrorTest()[pri:11, instance:sprint_2_Negative.Sprint_2_Negative_Demo_FMS@7b98f307]" name="ak_addingTenureListDetailsWithoutGivingAnyDetailsErrorTest" class="sprint_2_Negative.Sprint_2_Negative_Demo_FMS"/>
        <method signature="Sprint_2_Negative_Demo_FMS.al_addingTenureListDetailsByGivingAllDetailsPassTest()[pri:12, instance:sprint_2_Negative.Sprint_2_Negative_Demo_FMS@7b98f307]" name="al_addingTenureListDetailsByGivingAllDetailsPassTest" class="sprint_2_Negative.Sprint_2_Negative_Demo_FMS"/>
        <method signature="Sprint_2_Negative_Demo_FMS.am_addingTenureAmountDetailsWithoutGivingAnyDetailsErrorTest()[pri:13, instance:sprint_2_Negative.Sprint_2_Negative_Demo_FMS@7b98f307]" name="am_addingTenureAmountDetailsWithoutGivingAnyDetailsErrorTest" class="sprint_2_Negative.Sprint_2_Negative_Demo_FMS"/>
        <method signature="Sprint_2_Negative_Demo_FMS.an_addingTenureAmountDetailsByGivingAllPositiveDetailsPassTest()[pri:14, instance:sprint_2_Negative.Sprint_2_Negative_Demo_FMS@7b98f307]" name="an_addingTenureAmountDetailsByGivingAllPositiveDetailsPassTest" class="sprint_2_Negative.Sprint_2_Negative_Demo_FMS"/>
        <method signature="Sprint_2_Negative_Demo_FMS.ao_actionInfoSchemeContentAddingByGivingValidDataPassTest()[pri:15, instance:sprint_2_Negative.Sprint_2_Negative_Demo_FMS@7b98f307]" name="ao_actionInfoSchemeContentAddingByGivingValidDataPassTest" class="sprint_2_Negative.Sprint_2_Negative_Demo_FMS"/>
        <method signature="Sprint_2_Negative_Demo_FMS.ap_actionInfoSchemeContentAddingWithoutGivingDataErrorTest()[pri:16, instance:sprint_2_Negative.Sprint_2_Negative_Demo_FMS@7b98f307]" name="ap_actionInfoSchemeContentAddingWithoutGivingDataErrorTest" class="sprint_2_Negative.Sprint_2_Negative_Demo_FMS"/>
        <method signature="Sprint_2_Negative_Demo_FMS.aq_actionInfoSchemeTermsAndConditionsAddingWithoutGivingDataErrorTest()[pri:17, instance:sprint_2_Negative.Sprint_2_Negative_Demo_FMS@7b98f307]" name="aq_actionInfoSchemeTermsAndConditionsAddingWithoutGivingDataErrorTest" class="sprint_2_Negative.Sprint_2_Negative_Demo_FMS"/>
        <method signature="Sprint_2_Negative_Demo_FMS.ar_actionInfoSchemeTermsAndConditionsAddingByGivingValidDataPassTest()[pri:18, instance:sprint_2_Negative.Sprint_2_Negative_Demo_FMS@7b98f307]" name="ar_actionInfoSchemeTermsAndConditionsAddingByGivingValidDataPassTest" class="sprint_2_Negative.Sprint_2_Negative_Demo_FMS"/>
        <method signature="Sprint_2_Negative_Demo_FMS.as_actionInfoSchemeFeatureAddingByGivingValidDataPassTest()[pri:19, instance:sprint_2_Negative.Sprint_2_Negative_Demo_FMS@7b98f307]" name="as_actionInfoSchemeFeatureAddingByGivingValidDataPassTest" class="sprint_2_Negative.Sprint_2_Negative_Demo_FMS"/>
        <method signature="Sprint_2_Negative_Demo_FMS.at_actionInfoSchemeFeatureAddingWithoutGivingDataPageStaticErrorTest()[pri:20, instance:sprint_2_Negative.Sprint_2_Negative_Demo_FMS@7b98f307]" name="at_actionInfoSchemeFeatureAddingWithoutGivingDataPageStaticErrorTest" class="sprint_2_Negative.Sprint_2_Negative_Demo_FMS"/>
        <method signature="Sprint_2_Negative_Demo_FMS.au_actionInfoSchemeFaqAddingByGivingValidDataPassTest()[pri:21, instance:sprint_2_Negative.Sprint_2_Negative_Demo_FMS@7b98f307]" name="au_actionInfoSchemeFaqAddingByGivingValidDataPassTest" class="sprint_2_Negative.Sprint_2_Negative_Demo_FMS"/>
        <method signature="Sprint_2_Negative_Demo_FMS.av_actionInfoSchemeFaqAddingWithoutGivingDataPageStaticErrorTest()[pri:22, instance:sprint_2_Negative.Sprint_2_Negative_Demo_FMS@7b98f307]" name="av_actionInfoSchemeFaqAddingWithoutGivingDataPageStaticErrorTest" class="sprint_2_Negative.Sprint_2_Negative_Demo_FMS"/>
        <method signature="Sprint_2_Negative_Demo_FMS.aw_schemeCreatingWithoutGivingSchemeNameErrorTest()[pri:23, instance:sprint_2_Negative.Sprint_2_Negative_Demo_FMS@7b98f307]" name="aw_schemeCreatingWithoutGivingSchemeNameErrorTest" class="sprint_2_Negative.Sprint_2_Negative_Demo_FMS"/>
        <method signature="Sprint_2_Negative_Demo_FMS.ax_loginWithoutGivingEmailAndPasswordErrorTest()[pri:24, instance:sprint_2_Negative.Sprint_2_Negative_Demo_FMS@7b98f307]" name="ax_loginWithoutGivingEmailAndPasswordErrorTest" class="sprint_2_Negative.Sprint_2_Negative_Demo_FMS"/>
        <method signature="Sprint_2_Negative_Demo_FMS.ay_loginWithoutGivingEmailErrorTest()[pri:25, instance:sprint_2_Negative.Sprint_2_Negative_Demo_FMS@7b98f307]" name="ay_loginWithoutGivingEmailErrorTest" class="sprint_2_Negative.Sprint_2_Negative_Demo_FMS"/>
        <method signature="Sprint_2_Negative_Demo_FMS.az_loginWithoutGivingPasswordErrorTest()[pri:26, instance:sprint_2_Negative.Sprint_2_Negative_Demo_FMS@7b98f307]" name="az_loginWithoutGivingPasswordErrorTest" class="sprint_2_Negative.Sprint_2_Negative_Demo_FMS"/>
        <method signature="Sprint_2_Negative_Demo_FMS.aza_loginByGivingEmailAsPwdAndPasswordAsEmailErrorTest()[pri:27, instance:sprint_2_Negative.Sprint_2_Negative_Demo_FMS@7b98f307]" name="aza_loginByGivingEmailAsPwdAndPasswordAsEmailErrorTest" class="sprint_2_Negative.Sprint_2_Negative_Demo_FMS"/>
        <method signature="Sprint_2_Negative_Demo_FMS.azb_schemeBootstrapBtnDisablingAndCheckingSchemeIsEnabledInUserPannelErrorTest()[pri:28, instance:sprint_2_Negative.Sprint_2_Negative_Demo_FMS@7b98f307]" name="azb_schemeBootstrapBtnDisablingAndCheckingSchemeIsEnabledInUserPannelErrorTest" class="sprint_2_Negative.Sprint_2_Negative_Demo_FMS"/>
        <method signature="Sprint_2_Negative_Demo_FMS.azc_schemeBootstrapBtnEnablingAndCheckingSchemeIsDisabledInUserPannelErrorTest()[pri:29, instance:sprint_2_Negative.Sprint_2_Negative_Demo_FMS@7b98f307]" name="azc_schemeBootstrapBtnEnablingAndCheckingSchemeIsDisabledInUserPannelErrorTest" class="sprint_2_Negative.Sprint_2_Negative_Demo_FMS"/>
        <method signature="Sprint_2_Negative_Demo_FMS.azd_clickOnDashboardSchemePageShouldBeDisplayedErrorTest()[pri:30, instance:sprint_2_Negative.Sprint_2_Negative_Demo_FMS@7b98f307]" name="azd_clickOnDashboardSchemePageShouldBeDisplayedErrorTest" class="sprint_2_Negative.Sprint_2_Negative_Demo_FMS"/>
        <method signature="Sprint_2_Negative_Demo_FMS.aze_creatingSchemeWithoutGivingDataErrorTest()[pri:31, instance:sprint_2_Negative.Sprint_2_Negative_Demo_FMS@7b98f307]" name="aze_creatingSchemeWithoutGivingDataErrorTest" class="sprint_2_Negative.Sprint_2_Negative_Demo_FMS"/>
        <method signature="Sprint_2_Negative_Demo_FMS.azf_clickingOnPayNowBtnWithOutSelectingPaymentModeTest()[pri:32, instance:sprint_2_Negative.Sprint_2_Negative_Demo_FMS@7b98f307]" name="azf_clickingOnPayNowBtnWithOutSelectingPaymentModeTest" class="sprint_2_Negative.Sprint_2_Negative_Demo_FMS"/>
        <method signature="Sprint_2_Negative_Demo_FMS.azg_clickingOnUPIorQRAndClickOnUpiIdOrMobileNumberCheckBoxErrorTest()[pri:33, instance:sprint_2_Negative.Sprint_2_Negative_Demo_FMS@7b98f307]" name="azg_clickingOnUPIorQRAndClickOnUpiIdOrMobileNumberCheckBoxErrorTest" class="sprint_2_Negative.Sprint_2_Negative_Demo_FMS"/>
        <method signature="Sprint_2_Negative_Demo_FMS.azh_whileSubscribingSchemeClickOnTheFailureButtonInTheRazorPayPagePaymentShouldPassErrorTest()[pri:34, instance:sprint_2_Negative.Sprint_2_Negative_Demo_FMS@7b98f307]" name="azh_whileSubscribingSchemeClickOnTheFailureButtonInTheRazorPayPagePaymentShouldPassErrorTest" class="sprint_2_Negative.Sprint_2_Negative_Demo_FMS"/>
        <method signature="Sprint_2_Negative_Demo_FMS.azi_whileSubscribingSchemeClickOnTheSuccessButtonInTheRazorPayPagePaymentShouldFailErrorTest()[pri:35, instance:sprint_2_Negative.Sprint_2_Negative_Demo_FMS@7b98f307]" name="azi_whileSubscribingSchemeClickOnTheSuccessButtonInTheRazorPayPagePaymentShouldFailErrorTest" class="sprint_2_Negative.Sprint_2_Negative_Demo_FMS"/>
        <method signature="Sprint_2_Negative_Demo_FMS.azj_loginWithoutByGiving10AlphabetsInMobileNumberTextFieldErrorTest()[pri:36, instance:sprint_2_Negative.Sprint_2_Negative_Demo_FMS@7b98f307]" name="azj_loginWithoutByGiving10AlphabetsInMobileNumberTextFieldErrorTest" class="sprint_2_Negative.Sprint_2_Negative_Demo_FMS"/>
        <method signature="Sprint_2_Negative_Demo_FMS.azk_loginWithoutByGivingMoreThan10NumbersInMobileNumberInTextFieldErrorTest()[pri:37, instance:sprint_2_Negative.Sprint_2_Negative_Demo_FMS@7b98f307]" name="azk_loginWithoutByGivingMoreThan10NumbersInMobileNumberInTextFieldErrorTest" class="sprint_2_Negative.Sprint_2_Negative_Demo_FMS"/>
        <method signature="Sprint_2_Negative_Demo_FMS.azl_loginWithoutByGivingLessThan10NumbersInMobileNumberTextFieldErrorTest()[pri:38, instance:sprint_2_Negative.Sprint_2_Negative_Demo_FMS@7b98f307]" name="azl_loginWithoutByGivingLessThan10NumbersInMobileNumberTextFieldErrorTest" class="sprint_2_Negative.Sprint_2_Negative_Demo_FMS"/>
        <method signature="Sprint_2_Negative_Demo_FMS.azm_whileSubscribingSchemeClickOnTheStartSubscriptionButtonWithoutGivingAnyDetailsStaticErrorTest()[pri:39, instance:sprint_2_Negative.Sprint_2_Negative_Demo_FMS@7b98f307]" name="azm_whileSubscribingSchemeClickOnTheStartSubscriptionButtonWithoutGivingAnyDetailsStaticErrorTest" class="sprint_2_Negative.Sprint_2_Negative_Demo_FMS"/>
        <method signature="Sprint_2_Negative_Demo_FMS.azn_actionInfoSchemeContentAddingByGivingValidDataAndClearingContentDataPassErrorTest()[pri:40, instance:sprint_2_Negative.Sprint_2_Negative_Demo_FMS@7b98f307]" name="azn_actionInfoSchemeContentAddingByGivingValidDataAndClearingContentDataPassErrorTest" class="sprint_2_Negative.Sprint_2_Negative_Demo_FMS"/>
        <method signature="Sprint_2_Negative_Demo_FMS.azo_actionInfoSchemeTermsAndConditionsAddingByGivingValidDataAndClearingPassErrorTest()[pri:41, instance:sprint_2_Negative.Sprint_2_Negative_Demo_FMS@7b98f307]" name="azo_actionInfoSchemeTermsAndConditionsAddingByGivingValidDataAndClearingPassErrorTest" class="sprint_2_Negative.Sprint_2_Negative_Demo_FMS"/>
        <method signature="Sprint_2_Negative_Demo_FMS.azp_schemeCreatingByClearingAllSchemeDetailsPassErrorTest()[pri:42, instance:sprint_2_Negative.Sprint_2_Negative_Demo_FMS@7b98f307]" name="azp_schemeCreatingByClearingAllSchemeDetailsPassErrorTest" class="sprint_2_Negative.Sprint_2_Negative_Demo_FMS"/>
        <method signature="Sprint_2_Negative_Demo_FMS.azr_actionInfoSchemeFaqAddingByGivingValidDataAndRemovingWhileEditingPassErrorTest()[pri:44, instance:sprint_2_Negative.Sprint_2_Negative_Demo_FMS@7b98f307]" name="azr_actionInfoSchemeFaqAddingByGivingValidDataAndRemovingWhileEditingPassErrorTest" class="sprint_2_Negative.Sprint_2_Negative_Demo_FMS"/>
      </group> <!-- sprint-2 -->
    </groups>
    <test started-at="2024-02-29T15:21:08 IST" name="Default test" finished-at="2024-02-29T15:52:49 IST" duration-ms="1901664">
      <class name="sprint_2_Negative.Sprint_2_Negative_Demo_FMS">
        <test-method signature="azq_actionInfoSchemeFeatureClearingAllDataClickOnUpdateBtnPassErrorTest()[pri:0, instance:sprint_2_Negative.Sprint_2_Negative_Demo_FMS@7b98f307]" started-at="2024-02-29T15:21:08 IST" name="azq_actionInfoSchemeFeatureClearingAllDataClickOnUpdateBtnPassErrorTest" finished-at="2024-02-29T15:22:21 IST" duration-ms="73403" status="PASS">
          <reporter-output>
          </reporter-output>
        </test-method> <!-- azq_actionInfoSchemeFeatureClearingAllDataClickOnUpdateBtnPassErrorTest -->
        <test-method signature="aa_loginByGivingInvalidEmailErrorTest()[pri:1, instance:sprint_2_Negative.Sprint_2_Negative_Demo_FMS@7b98f307]" started-at="2024-02-29T15:22:21 IST" name="aa_loginByGivingInvalidEmailErrorTest" finished-at="2024-02-29T15:22:32 IST" duration-ms="10469" status="PASS">
          <reporter-output>
          </reporter-output>
        </test-method> <!-- aa_loginByGivingInvalidEmailErrorTest -->
        <test-method signature="ab_loginByGivingInvalidPasswordErrorTest()[pri:2, instance:sprint_2_Negative.Sprint_2_Negative_Demo_FMS@7b98f307]" started-at="2024-02-29T15:22:32 IST" name="ab_loginByGivingInvalidPasswordErrorTest" finished-at="2024-02-29T15:22:42 IST" duration-ms="9976" status="PASS">
          <reporter-output>
          </reporter-output>
        </test-method> <!-- ab_loginByGivingInvalidPasswordErrorTest -->
        <test-method signature="ac_loginToFmsApplicationPassTest()[pri:3, instance:sprint_2_Negative.Sprint_2_Negative_Demo_FMS@7b98f307]" started-at="2024-02-29T15:22:42 IST" name="ac_loginToFmsApplicationPassTest" finished-at="2024-02-29T15:22:53 IST" duration-ms="10934" status="PASS">
          <reporter-output>
          </reporter-output>
        </test-method> <!-- ac_loginToFmsApplicationPassTest -->
        <test-method signature="ad_clickOnEcommerceSchemesPageShouldOpenErrorTest()[pri:4, instance:sprint_2_Negative.Sprint_2_Negative_Demo_FMS@7b98f307]" started-at="2024-02-29T15:22:53 IST" name="ad_clickOnEcommerceSchemesPageShouldOpenErrorTest" finished-at="2024-02-29T15:23:11 IST" duration-ms="18016" status="PASS">
          <reporter-output>
          </reporter-output>
        </test-method> <!-- ad_clickOnEcommerceSchemesPageShouldOpenErrorTest -->
        <test-method signature="ae_clickOnUserLinkSchemesPageShouldOpenErrorTest()[pri:5, instance:sprint_2_Negative.Sprint_2_Negative_Demo_FMS@7b98f307]" started-at="2024-02-29T15:23:11 IST" name="ae_clickOnUserLinkSchemesPageShouldOpenErrorTest" finished-at="2024-02-29T15:23:31 IST" duration-ms="20736" status="PASS">
          <reporter-output>
          </reporter-output>
        </test-method> <!-- ae_clickOnUserLinkSchemesPageShouldOpenErrorTest -->
        <test-method signature="af_schemeClickOnAddSchemesAndAddSchemesPageShouldNotOpenErrorTest()[pri:6, instance:sprint_2_Negative.Sprint_2_Negative_Demo_FMS@7b98f307]" started-at="2024-02-29T15:23:31 IST" name="af_schemeClickOnAddSchemesAndAddSchemesPageShouldNotOpenErrorTest" finished-at="2024-02-29T15:23:55 IST" duration-ms="23953" status="PASS">
          <reporter-output>
          </reporter-output>
        </test-method> <!-- af_schemeClickOnAddSchemesAndAddSchemesPageShouldNotOpenErrorTest -->
        <test-method signature="ag_schemeCreatingWithoutGivingCountryDrpDwnErrorTest()[pri:7, instance:sprint_2_Negative.Sprint_2_Negative_Demo_FMS@7b98f307]" started-at="2024-02-29T15:23:55 IST" name="ag_schemeCreatingWithoutGivingCountryDrpDwnErrorTest" finished-at="2024-02-29T15:24:29 IST" duration-ms="34033" status="PASS">
          <reporter-output>
          </reporter-output>
        </test-method> <!-- ag_schemeCreatingWithoutGivingCountryDrpDwnErrorTest -->
        <test-method signature="ah_schemeCreatingWithoutGivingCalculationDrpDwnErrorTest()[pri:8, instance:sprint_2_Negative.Sprint_2_Negative_Demo_FMS@7b98f307]" started-at="2024-02-29T15:24:29 IST" name="ah_schemeCreatingWithoutGivingCalculationDrpDwnErrorTest" finished-at="2024-02-29T15:25:04 IST" duration-ms="34584" status="PASS">
          <reporter-output>
          </reporter-output>
        </test-method> <!-- ah_schemeCreatingWithoutGivingCalculationDrpDwnErrorTest -->
        <test-method signature="ai_schemeCreatingWithoutGivingSchemeDescriptionErrorTest()[pri:9, instance:sprint_2_Negative.Sprint_2_Negative_Demo_FMS@7b98f307]" started-at="2024-02-29T15:25:04 IST" name="ai_schemeCreatingWithoutGivingSchemeDescriptionErrorTest" finished-at="2024-02-29T15:25:37 IST" duration-ms="33021" status="PASS">
          <reporter-output>
          </reporter-output>
        </test-method> <!-- ai_schemeCreatingWithoutGivingSchemeDescriptionErrorTest -->
        <test-method signature="aj_schemeCreatingByGivingAllSchemeDetailsPassTest()[pri:10, instance:sprint_2_Negative.Sprint_2_Negative_Demo_FMS@7b98f307]" started-at="2024-02-29T15:25:37 IST" name="aj_schemeCreatingByGivingAllSchemeDetailsPassTest" finished-at="2024-02-29T15:26:14 IST" duration-ms="37090" status="PASS">
          <reporter-output>
          </reporter-output>
        </test-method> <!-- aj_schemeCreatingByGivingAllSchemeDetailsPassTest -->
        <test-method signature="ak_addingTenureListDetailsWithoutGivingAnyDetailsErrorTest()[pri:11, instance:sprint_2_Negative.Sprint_2_Negative_Demo_FMS@7b98f307]" started-at="2024-02-29T15:26:14 IST" name="ak_addingTenureListDetailsWithoutGivingAnyDetailsErrorTest" finished-at="2024-02-29T15:26:56 IST" duration-ms="41604" status="PASS">
          <reporter-output>
          </reporter-output>
        </test-method> <!-- ak_addingTenureListDetailsWithoutGivingAnyDetailsErrorTest -->
        <test-method signature="al_addingTenureListDetailsByGivingAllDetailsPassTest()[pri:12, instance:sprint_2_Negative.Sprint_2_Negative_Demo_FMS@7b98f307]" started-at="2024-02-29T15:26:56 IST" name="al_addingTenureListDetailsByGivingAllDetailsPassTest" finished-at="2024-02-29T15:27:52 IST" duration-ms="56002" status="PASS">
          <reporter-output>
          </reporter-output>
        </test-method> <!-- al_addingTenureListDetailsByGivingAllDetailsPassTest -->
        <test-method signature="am_addingTenureAmountDetailsWithoutGivingAnyDetailsErrorTest()[pri:13, instance:sprint_2_Negative.Sprint_2_Negative_Demo_FMS@7b98f307]" started-at="2024-02-29T15:27:52 IST" name="am_addingTenureAmountDetailsWithoutGivingAnyDetailsErrorTest" finished-at="2024-02-29T15:28:43 IST" duration-ms="51712" status="PASS">
          <reporter-output>
          </reporter-output>
        </test-method> <!-- am_addingTenureAmountDetailsWithoutGivingAnyDetailsErrorTest -->
        <test-method signature="an_addingTenureAmountDetailsByGivingAllPositiveDetailsPassTest()[pri:14, instance:sprint_2_Negative.Sprint_2_Negative_Demo_FMS@7b98f307]" started-at="2024-02-29T15:28:43 IST" name="an_addingTenureAmountDetailsByGivingAllPositiveDetailsPassTest" finished-at="2024-02-29T15:29:46 IST" duration-ms="62294" status="PASS">
          <reporter-output>
          </reporter-output>
        </test-method> <!-- an_addingTenureAmountDetailsByGivingAllPositiveDetailsPassTest -->
        <test-method signature="ao_actionInfoSchemeContentAddingByGivingValidDataPassTest()[pri:15, instance:sprint_2_Negative.Sprint_2_Negative_Demo_FMS@7b98f307]" started-at="2024-02-29T15:29:46 IST" name="ao_actionInfoSchemeContentAddingByGivingValidDataPassTest" finished-at="2024-02-29T15:31:02 IST" duration-ms="76090" status="PASS">
          <reporter-output>
          </reporter-output>
        </test-method> <!-- ao_actionInfoSchemeContentAddingByGivingValidDataPassTest -->
        <test-method signature="ap_actionInfoSchemeContentAddingWithoutGivingDataErrorTest()[pri:16, instance:sprint_2_Negative.Sprint_2_Negative_Demo_FMS@7b98f307]" started-at="2024-02-29T15:31:02 IST" name="ap_actionInfoSchemeContentAddingWithoutGivingDataErrorTest" finished-at="2024-02-29T15:32:00 IST" duration-ms="58677" status="PASS">
          <reporter-output>
          </reporter-output>
        </test-method> <!-- ap_actionInfoSchemeContentAddingWithoutGivingDataErrorTest -->
        <test-method signature="aq_actionInfoSchemeTermsAndConditionsAddingWithoutGivingDataErrorTest()[pri:17, instance:sprint_2_Negative.Sprint_2_Negative_Demo_FMS@7b98f307]" started-at="2024-02-29T15:32:00 IST" name="aq_actionInfoSchemeTermsAndConditionsAddingWithoutGivingDataErrorTest" finished-at="2024-02-29T15:33:14 IST" duration-ms="74063" status="PASS">
          <reporter-output>
          </reporter-output>
        </test-method> <!-- aq_actionInfoSchemeTermsAndConditionsAddingWithoutGivingDataErrorTest -->
        <test-method signature="ar_actionInfoSchemeTermsAndConditionsAddingByGivingValidDataPassTest()[pri:18, instance:sprint_2_Negative.Sprint_2_Negative_Demo_FMS@7b98f307]" started-at="2024-02-29T15:33:14 IST" name="ar_actionInfoSchemeTermsAndConditionsAddingByGivingValidDataPassTest" finished-at="2024-02-29T15:34:25 IST" duration-ms="70807" status="PASS">
          <reporter-output>
          </reporter-output>
        </test-method> <!-- ar_actionInfoSchemeTermsAndConditionsAddingByGivingValidDataPassTest -->
        <test-method signature="as_actionInfoSchemeFeatureAddingByGivingValidDataPassTest()[pri:19, instance:sprint_2_Negative.Sprint_2_Negative_Demo_FMS@7b98f307]" started-at="2024-02-29T15:34:25 IST" name="as_actionInfoSchemeFeatureAddingByGivingValidDataPassTest" finished-at="2024-02-29T15:35:42 IST" duration-ms="76439" status="PASS">
          <reporter-output>
          </reporter-output>
        </test-method> <!-- as_actionInfoSchemeFeatureAddingByGivingValidDataPassTest -->
        <test-method signature="at_actionInfoSchemeFeatureAddingWithoutGivingDataPageStaticErrorTest()[pri:20, instance:sprint_2_Negative.Sprint_2_Negative_Demo_FMS@7b98f307]" started-at="2024-02-29T15:35:42 IST" name="at_actionInfoSchemeFeatureAddingWithoutGivingDataPageStaticErrorTest" finished-at="2024-02-29T15:36:54 IST" duration-ms="72537" status="PASS">
          <reporter-output>
          </reporter-output>
        </test-method> <!-- at_actionInfoSchemeFeatureAddingWithoutGivingDataPageStaticErrorTest -->
        <test-method signature="au_actionInfoSchemeFaqAddingByGivingValidDataPassTest()[pri:21, instance:sprint_2_Negative.Sprint_2_Negative_Demo_FMS@7b98f307]" started-at="2024-02-29T15:36:54 IST" name="au_actionInfoSchemeFaqAddingByGivingValidDataPassTest" finished-at="2024-02-29T15:38:24 IST" duration-ms="89449" status="PASS">
          <reporter-output>
          </reporter-output>
        </test-method> <!-- au_actionInfoSchemeFaqAddingByGivingValidDataPassTest -->
        <test-method signature="av_actionInfoSchemeFaqAddingWithoutGivingDataPageStaticErrorTest()[pri:22, instance:sprint_2_Negative.Sprint_2_Negative_Demo_FMS@7b98f307]" started-at="2024-02-29T15:38:24 IST" name="av_actionInfoSchemeFaqAddingWithoutGivingDataPageStaticErrorTest" finished-at="2024-02-29T15:40:08 IST" duration-ms="104110" status="PASS">
          <reporter-output>
          </reporter-output>
        </test-method> <!-- av_actionInfoSchemeFaqAddingWithoutGivingDataPageStaticErrorTest -->
        <test-method signature="aw_schemeCreatingWithoutGivingSchemeNameErrorTest()[pri:23, instance:sprint_2_Negative.Sprint_2_Negative_Demo_FMS@7b98f307]" started-at="2024-02-29T15:40:08 IST" name="aw_schemeCreatingWithoutGivingSchemeNameErrorTest" finished-at="2024-02-29T15:40:44 IST" duration-ms="36551" status="PASS">
          <reporter-output>
          </reporter-output>
        </test-method> <!-- aw_schemeCreatingWithoutGivingSchemeNameErrorTest -->
        <test-method signature="ax_loginWithoutGivingEmailAndPasswordErrorTest()[pri:24, instance:sprint_2_Negative.Sprint_2_Negative_Demo_FMS@7b98f307]" started-at="2024-02-29T15:40:44 IST" name="ax_loginWithoutGivingEmailAndPasswordErrorTest" finished-at="2024-02-29T15:40:55 IST" duration-ms="10870" status="PASS">
          <reporter-output>
          </reporter-output>
        </test-method> <!-- ax_loginWithoutGivingEmailAndPasswordErrorTest -->
        <test-method signature="ay_loginWithoutGivingEmailErrorTest()[pri:25, instance:sprint_2_Negative.Sprint_2_Negative_Demo_FMS@7b98f307]" started-at="2024-02-29T15:40:55 IST" name="ay_loginWithoutGivingEmailErrorTest" finished-at="2024-02-29T15:41:07 IST" duration-ms="11437" status="PASS">
          <reporter-output>
          </reporter-output>
        </test-method> <!-- ay_loginWithoutGivingEmailErrorTest -->
        <test-method signature="az_loginWithoutGivingPasswordErrorTest()[pri:26, instance:sprint_2_Negative.Sprint_2_Negative_Demo_FMS@7b98f307]" started-at="2024-02-29T15:41:07 IST" name="az_loginWithoutGivingPasswordErrorTest" finished-at="2024-02-29T15:41:17 IST" duration-ms="10268" status="PASS">
          <reporter-output>
          </reporter-output>
        </test-method> <!-- az_loginWithoutGivingPasswordErrorTest -->
        <test-method signature="aza_loginByGivingEmailAsPwdAndPasswordAsEmailErrorTest()[pri:27, instance:sprint_2_Negative.Sprint_2_Negative_Demo_FMS@7b98f307]" started-at="2024-02-29T15:41:17 IST" name="aza_loginByGivingEmailAsPwdAndPasswordAsEmailErrorTest" finished-at="2024-02-29T15:41:28 IST" duration-ms="11183" status="PASS">
          <reporter-output>
          </reporter-output>
        </test-method> <!-- aza_loginByGivingEmailAsPwdAndPasswordAsEmailErrorTest -->
        <test-method signature="azb_schemeBootstrapBtnDisablingAndCheckingSchemeIsEnabledInUserPannelErrorTest()[pri:28, instance:sprint_2_Negative.Sprint_2_Negative_Demo_FMS@7b98f307]" started-at="2024-02-29T15:41:28 IST" name="azb_schemeBootstrapBtnDisablingAndCheckingSchemeIsEnabledInUserPannelErrorTest" finished-at="2024-02-29T15:42:20 IST" duration-ms="51758" status="PASS">
          <reporter-output>
          </reporter-output>
        </test-method> <!-- azb_schemeBootstrapBtnDisablingAndCheckingSchemeIsEnabledInUserPannelErrorTest -->
        <test-method signature="azc_schemeBootstrapBtnEnablingAndCheckingSchemeIsDisabledInUserPannelErrorTest()[pri:29, instance:sprint_2_Negative.Sprint_2_Negative_Demo_FMS@7b98f307]" started-at="2024-02-29T15:42:20 IST" name="azc_schemeBootstrapBtnEnablingAndCheckingSchemeIsDisabledInUserPannelErrorTest" finished-at="2024-02-29T15:43:14 IST" duration-ms="54410" status="PASS">
          <reporter-output>
          </reporter-output>
        </test-method> <!-- azc_schemeBootstrapBtnEnablingAndCheckingSchemeIsDisabledInUserPannelErrorTest -->
        <test-method signature="azd_clickOnDashboardSchemePageShouldBeDisplayedErrorTest()[pri:30, instance:sprint_2_Negative.Sprint_2_Negative_Demo_FMS@7b98f307]" started-at="2024-02-29T15:43:14 IST" name="azd_clickOnDashboardSchemePageShouldBeDisplayedErrorTest" finished-at="2024-02-29T15:43:39 IST" duration-ms="24410" status="PASS">
          <reporter-output>
          </reporter-output>
        </test-method> <!-- azd_clickOnDashboardSchemePageShouldBeDisplayedErrorTest -->
        <test-method signature="aze_creatingSchemeWithoutGivingDataErrorTest()[pri:31, instance:sprint_2_Negative.Sprint_2_Negative_Demo_FMS@7b98f307]" started-at="2024-02-29T15:43:39 IST" name="aze_creatingSchemeWithoutGivingDataErrorTest" finished-at="2024-02-29T15:44:05 IST" duration-ms="26243" status="PASS">
          <reporter-output>
          </reporter-output>
        </test-method> <!-- aze_creatingSchemeWithoutGivingDataErrorTest -->
        <test-method signature="azf_clickingOnPayNowBtnWithOutSelectingPaymentModeTest()[pri:32, instance:sprint_2_Negative.Sprint_2_Negative_Demo_FMS@7b98f307]" started-at="2024-02-29T15:44:05 IST" name="azf_clickingOnPayNowBtnWithOutSelectingPaymentModeTest" finished-at="2024-02-29T15:45:01 IST" duration-ms="56024" status="PASS">
          <reporter-output>
          </reporter-output>
        </test-method> <!-- azf_clickingOnPayNowBtnWithOutSelectingPaymentModeTest -->
        <test-method signature="azg_clickingOnUPIorQRAndClickOnUpiIdOrMobileNumberCheckBoxErrorTest()[pri:33, instance:sprint_2_Negative.Sprint_2_Negative_Demo_FMS@7b98f307]" started-at="2024-02-29T15:45:01 IST" name="azg_clickingOnUPIorQRAndClickOnUpiIdOrMobileNumberCheckBoxErrorTest" finished-at="2024-02-29T15:45:34 IST" duration-ms="32724" status="PASS">
          <reporter-output>
          </reporter-output>
        </test-method> <!-- azg_clickingOnUPIorQRAndClickOnUpiIdOrMobileNumberCheckBoxErrorTest -->
        <test-method signature="azh_whileSubscribingSchemeClickOnTheFailureButtonInTheRazorPayPagePaymentShouldPassErrorTest()[pri:34, instance:sprint_2_Negative.Sprint_2_Negative_Demo_FMS@7b98f307]" started-at="2024-02-29T15:45:34 IST" name="azh_whileSubscribingSchemeClickOnTheFailureButtonInTheRazorPayPagePaymentShouldPassErrorTest" finished-at="2024-02-29T15:46:08 IST" duration-ms="33959" status="PASS">
          <reporter-output>
          </reporter-output>
        </test-method> <!-- azh_whileSubscribingSchemeClickOnTheFailureButtonInTheRazorPayPagePaymentShouldPassErrorTest -->
        <test-method signature="azi_whileSubscribingSchemeClickOnTheSuccessButtonInTheRazorPayPagePaymentShouldFailErrorTest()[pri:35, instance:sprint_2_Negative.Sprint_2_Negative_Demo_FMS@7b98f307]" started-at="2024-02-29T15:46:08 IST" name="azi_whileSubscribingSchemeClickOnTheSuccessButtonInTheRazorPayPagePaymentShouldFailErrorTest" finished-at="2024-02-29T15:46:42 IST" duration-ms="34355" status="PASS">
          <reporter-output>
          </reporter-output>
        </test-method> <!-- azi_whileSubscribingSchemeClickOnTheSuccessButtonInTheRazorPayPagePaymentShouldFailErrorTest -->
        <test-method signature="azj_loginWithoutByGiving10AlphabetsInMobileNumberTextFieldErrorTest()[pri:36, instance:sprint_2_Negative.Sprint_2_Negative_Demo_FMS@7b98f307]" started-at="2024-02-29T15:46:42 IST" name="azj_loginWithoutByGiving10AlphabetsInMobileNumberTextFieldErrorTest" finished-at="2024-02-29T15:46:52 IST" duration-ms="9762" status="PASS">
          <reporter-output>
          </reporter-output>
        </test-method> <!-- azj_loginWithoutByGiving10AlphabetsInMobileNumberTextFieldErrorTest -->
        <test-method signature="azk_loginWithoutByGivingMoreThan10NumbersInMobileNumberInTextFieldErrorTest()[pri:37, instance:sprint_2_Negative.Sprint_2_Negative_Demo_FMS@7b98f307]" started-at="2024-02-29T15:46:52 IST" name="azk_loginWithoutByGivingMoreThan10NumbersInMobileNumberInTextFieldErrorTest" finished-at="2024-02-29T15:47:01 IST" duration-ms="9569" status="PASS">
          <reporter-output>
          </reporter-output>
        </test-method> <!-- azk_loginWithoutByGivingMoreThan10NumbersInMobileNumberInTextFieldErrorTest -->
        <test-method signature="azl_loginWithoutByGivingLessThan10NumbersInMobileNumberTextFieldErrorTest()[pri:38, instance:sprint_2_Negative.Sprint_2_Negative_Demo_FMS@7b98f307]" started-at="2024-02-29T15:47:01 IST" name="azl_loginWithoutByGivingLessThan10NumbersInMobileNumberTextFieldErrorTest" finished-at="2024-02-29T15:47:11 IST" duration-ms="10082" status="PASS">
          <reporter-output>
          </reporter-output>
        </test-method> <!-- azl_loginWithoutByGivingLessThan10NumbersInMobileNumberTextFieldErrorTest -->
        <test-method signature="azm_whileSubscribingSchemeClickOnTheStartSubscriptionButtonWithoutGivingAnyDetailsStaticErrorTest()[pri:39, instance:sprint_2_Negative.Sprint_2_Negative_Demo_FMS@7b98f307]" started-at="2024-02-29T15:47:11 IST" name="azm_whileSubscribingSchemeClickOnTheStartSubscriptionButtonWithoutGivingAnyDetailsStaticErrorTest" finished-at="2024-02-29T15:47:42 IST" duration-ms="30151" status="PASS">
          <reporter-output>
          </reporter-output>
        </test-method> <!-- azm_whileSubscribingSchemeClickOnTheStartSubscriptionButtonWithoutGivingAnyDetailsStaticErrorTest -->
        <test-method signature="azn_actionInfoSchemeContentAddingByGivingValidDataAndClearingContentDataPassErrorTest()[pri:40, instance:sprint_2_Negative.Sprint_2_Negative_Demo_FMS@7b98f307]" started-at="2024-02-29T15:47:42 IST" name="azn_actionInfoSchemeContentAddingByGivingValidDataAndClearingContentDataPassErrorTest" finished-at="2024-02-29T15:48:59 IST" duration-ms="77230" status="PASS">
          <reporter-output>
          </reporter-output>
        </test-method> <!-- azn_actionInfoSchemeContentAddingByGivingValidDataAndClearingContentDataPassErrorTest -->
        <test-method signature="azo_actionInfoSchemeTermsAndConditionsAddingByGivingValidDataAndClearingPassErrorTest()[pri:41, instance:sprint_2_Negative.Sprint_2_Negative_Demo_FMS@7b98f307]" started-at="2024-02-29T15:48:59 IST" name="azo_actionInfoSchemeTermsAndConditionsAddingByGivingValidDataAndClearingPassErrorTest" finished-at="2024-02-29T15:50:17 IST" duration-ms="78539" status="PASS">
          <reporter-output>
          </reporter-output>
        </test-method> <!-- azo_actionInfoSchemeTermsAndConditionsAddingByGivingValidDataAndClearingPassErrorTest -->
        <test-method signature="azp_schemeCreatingByClearingAllSchemeDetailsPassErrorTest()[pri:42, instance:sprint_2_Negative.Sprint_2_Negative_Demo_FMS@7b98f307]" started-at="2024-02-29T15:50:17 IST" name="azp_schemeCreatingByClearingAllSchemeDetailsPassErrorTest" finished-at="2024-02-29T15:51:06 IST" duration-ms="48935" status="PASS">
          <reporter-output>
          </reporter-output>
        </test-method> <!-- azp_schemeCreatingByClearingAllSchemeDetailsPassErrorTest -->
        <test-method signature="azr_actionInfoSchemeFaqAddingByGivingValidDataAndRemovingWhileEditingPassErrorTest()[pri:44, instance:sprint_2_Negative.Sprint_2_Negative_Demo_FMS@7b98f307]" started-at="2024-02-29T15:51:06 IST" name="azr_actionInfoSchemeFaqAddingByGivingValidDataAndRemovingWhileEditingPassErrorTest" finished-at="2024-02-29T15:52:49 IST" duration-ms="103022" status="PASS">
          <reporter-output>
          </reporter-output>
        </test-method> <!-- azr_actionInfoSchemeFaqAddingByGivingValidDataAndRemovingWhileEditingPassErrorTest -->
      </class> <!-- sprint_2_Negative.Sprint_2_Negative_Demo_FMS -->
    </test> <!-- Default test -->
  </suite> <!-- Default suite -->
</testng-results>
